<?xml version="1.0" encoding="UTF-8"?>
<!-- Generated by org.testng.reporters.JUnitReportReporter -->
<testsuite hostname="LAPTOP-HIKG7N16" failures="0" tests="6" name="com.api.auto.testcase.TC_API_Login" time="0.436" errors="0" timestamp="2024-04-18T15:33:47 ICT" skipped="0">
  <testcase classname="com.api.auto.testcase.TC_API_Login" name="TC01_Validate200Ok" time="0.008"/>
  <system-out/>
  <testcase classname="com.api.auto.testcase.TC_API_Login" name="TC02_ValidateMessage" time="0.370"/>
  <system-out/>
  <testcase classname="com.api.auto.testcase.TC_API_Login" name="TC03_ValidateToken" time="0.032"/>
  <system-out/>
  <testcase classname="com.api.auto.testcase.TC_API_Login" name="TC06_ValidateUserType" time="0.009"/>
  <system-out/>
  <testcase classname="com.api.auto.testcase.TC_API_Login" name="TC04_ValidateUserAccount" time="0.009"/>
  <system-out/>
  <testcase classname="com.api.auto.testcase.TC_API_Login" name="TC05_ValidateUserPassword" time="0.008"/>
  <system-out/>
</testsuite> <!-- com.api.auto.testcase.TC_API_Login -->
