<?xml version="1.0" encoding="UTF-8"?>
<!-- Generated by org.testng.reporters.JUnitReportReporter -->
<testsuite hostname="LAPTOP-HIKG7N16" failures="0" tests="5" name="com.api.auto.testcase.th02" time="0.593" errors="0" timestamp="2024-03-05T12:18:24 ICT" skipped="0">
  <testcase classname="com.api.auto.testcase.th02" name="TC01_Validate201Created" time="0.010"/>
  <system-out/>
  <testcase classname="com.api.auto.testcase.th02" name="TC02_ValidateWorkId" time="0.544"/>
  <system-out/>
  <testcase classname="com.api.auto.testcase.th02" name="TC03_ValidateNameOfWorkMatched" time="0.016"/>
  <system-out/>
  <testcase classname="com.api.auto.testcase.th02" name="TC03_ValidateExperienceMatched" time="0.011"/>
  <system-out/>
  <testcase classname="com.api.auto.testcase.th02" name="TC03_ValidateEducationMatched" time="0.012"/>
  <system-out/>
</testsuite> <!-- com.api.auto.testcase.th02 -->
