<?xml version="1.0" encoding="UTF-8"?>
<!-- Generated by org.testng.reporters.JUnitReportReporter -->
<testsuite hostname="LAPTOP-HIKG7N16" failures="0" tests="5" name="com.api.auto.testcase.TC_API_CreateWork" time="0.031" errors="0" timestamp="2024-03-05T18:32:18 ICT" skipped="0">
  <testcase classname="com.api.auto.testcase.TC_API_CreateWork" name="TC01_Validate201Created" time="0.001"/>
  <system-out/>
  <testcase classname="com.api.auto.testcase.TC_API_CreateWork" name="TC02_ValidateWorkId" time="0.009"/>
  <system-out/>
  <testcase classname="com.api.auto.testcase.TC_API_CreateWork" name="TC03_ValidateNameOfWorkMatched" time="0.010"/>
  <system-out/>
  <testcase classname="com.api.auto.testcase.TC_API_CreateWork" name="TC04_ValidateExperienceMatched" time="0.005"/>
  <system-out/>
  <testcase classname="com.api.auto.testcase.TC_API_CreateWork" name="TC05_ValidateEducationMatched" time="0.006"/>
  <system-out/>
</testsuite> <!-- com.api.auto.testcase.TC_API_CreateWork -->
