<?xml version="1.0" encoding="UTF-8"?>
<!-- Generated by org.testng.reporters.JUnitReportReporter -->
<testsuite hostname="LAPTOP-HIKG7N16" failures="0" tests="5" name="com.api.auto.testcase.th_01" time="0.689" errors="0" timestamp="2024-03-05T12:10:30 ICT" skipped="0">
  <testcase classname="com.api.auto.testcase.th_01" name="TC01_Validate200Ok" time="0.025"/>
  <system-out/>
  <testcase classname="com.api.auto.testcase.th_01" name="TC02_ValidateMessage" time="0.585"/>
  <system-out/>
  <testcase classname="com.api.auto.testcase.th_01" name="TC03_ValidateToken" time="0.041"/>
  <system-out/>
  <testcase classname="com.api.auto.testcase.th_01" name="TC04_ValidateUserType" time="0.014"/>
  <system-out/>
  <testcase classname="com.api.auto.testcase.th_01" name="TC05_ValidateAccount" time="0.024"/>
  <system-out/>
</testsuite> <!-- com.api.auto.testcase.th_01 -->
